<?xml version="1.0" encoding="UTF-8"?>
<!-- Generated by org.testng.reporters.JUnitXMLReporter -->
<testsuite ignored="0" hostname="DESKTOP-UMSL6GD" failures="1" tests="3" name="Test" time="79.863" errors="0" timestamp="11 Apr 2024 17:32:43 GMT">
  <testcase classname="shoppingwebsite.Tests.AmazonWebsite" name="amazonTest" time="28.446"/>
  <testcase classname="shoppingwebsite.Tests.AmazonWebsite" name="amazonTest" time="27.136"/>
  <testcase classname="shoppingwebsite.Tests.AmazonWebsite" name="errorValidation" time="0.0">
    <failure type="org.testng.TestNGException" message="
Cannot inject @Test annotated Method [errorValidation] with [class java.lang.String, class java.lang.String].
For more information on native dependency injection please refer to http://testng.org/doc/documentation-main.html#native-dependency-injection">
      <![CDATA[org.testng.TestNGException: 
Cannot inject @Test annotated Method [errorValidation] with [class java.lang.String, class java.lang.String].
For more information on native dependency injection please refer to http://testng.org/doc/documentation-main.html#native-dependency-injection
... Removed 24 stack frames]]>
    </failure>
  </testcase> <!-- errorValidation -->
</testsuite> <!-- Test -->
