<?xml version="1.0" encoding="UTF-8"?>
<!-- Generated by org.testng.reporters.JUnitXMLReporter -->
<testsuite ignored="0" hostname="DESKTOP-UMSL6GD" failures="0" tests="2" name="Test" time="2.113" errors="0" timestamp="2024-04-17T16:57:31 IST">
  <testcase classname="shoppingwebsite.TestComponents.BaseTest" name="@BeforeMethod launchingApplication" time="0.09">
    <failure type="java.lang.NullPointerException" message="Cannot invoke &amp;quot;org.openqa.selenium.WebDriver.manage()&amp;quot; because &amp;quot;this.driver&amp;quot; is null">
      <![CDATA[java.lang.NullPointerException: Cannot invoke "org.openqa.selenium.WebDriver.manage()" because "this.driver" is null
at shoppingwebsite.TestComponents.BaseTest.Intilization(BaseTest.java:70)
at shoppingwebsite.TestComponents.BaseTest.launchingApplication(BaseTest.java:92)
at java.base/java.util.ArrayList.forEach(ArrayList.java:1596)
... Removed 33 stack frames]]>
    </failure>
  </testcase> <!-- @BeforeMethod launchingApplication -->
  <testcase classname="shoppingwebsite.TestComponents.BaseTest" name="@AfterMethod testApp" time="0.0">
    <skipped/>
  </testcase> <!-- @AfterMethod testApp -->
  <testcase classname="shoppingwebsite.TestComponents.BaseTest" name="@BeforeMethod launchingApplication" time="0.002">
    <failure type="java.lang.NullPointerException" message="Cannot invoke &amp;quot;org.openqa.selenium.WebDriver.manage()&amp;quot; because &amp;quot;this.driver&amp;quot; is null">
      <![CDATA[java.lang.NullPointerException: Cannot invoke "org.openqa.selenium.WebDriver.manage()" because "this.driver" is null
at shoppingwebsite.TestComponents.BaseTest.Intilization(BaseTest.java:70)
at shoppingwebsite.TestComponents.BaseTest.launchingApplication(BaseTest.java:92)
at java.base/java.util.ArrayList.forEach(ArrayList.java:1596)
... Removed 33 stack frames]]>
    </failure>
  </testcase> <!-- @BeforeMethod launchingApplication -->
  <testcase classname="shoppingwebsite.TestComponents.BaseTest" name="@AfterMethod testApp" time="0.0">
    <skipped/>
  </testcase> <!-- @AfterMethod testApp -->
  <testcase classname="shoppingwebsite.tests.AmazonWebsite" name="amazonTest" time="0.001">
    <skipped/>
  </testcase> <!-- amazonTest -->
  <testcase classname="shoppingwebsite.tests.AmazonWebsite" name="amazonTest" time="0.0">
    <skipped/>
  </testcase> <!-- amazonTest -->
</testsuite> <!-- Test -->
